# JRE version: OpenJDK Runtime Environment Temurin-23.0.1+11 (23.0.1+11) (build 23.0.1+11)
# Java VM: OpenJDK 64-Bit Server VM Temurin-23.0.1+11 (23.0.1+11, mixed mode, emulated-client, sharing, tiered, compressed oops, compressed class ptrs, g1 gc, windows-amd64)
GC Precious Log:
 CardTable entry size: 512
 Card Set container configuration: InlinePtr #cards 5 size 8 Array Of Cards #cards 10 size 36 Howl #buckets 4 coarsen threshold 1843 Howl Bitmap #cards 512 size 80 coarsen threshold 460 Card regions per heap region 1 cards per card region 2048
 CPUs: 4 total, 4 available
 Memory: 7894M
 Large Page Support: Disabled
 NUMA Support: Disabled
 Compressed Oops: Enabled (32-bit)
 Heap Region Size: 1M
 Heap Min Capacity: 8M
 Heap Initial Capacity: 124M
 Heap Max Capacity: 1974M
 Pre-touch: Disabled
 Parallel Workers: 4
 Concurrent Workers: 1
 Concurrent Refinement Workers: 4
 Periodic GC: Disabled
Heap:
 garbage-first heap   total reserved 2021376K, committed 75776K, used 41313K [0x0000000084a00000, 0x0000000100000000)
  region size 1024K, 18 young (18432K), 4 survivors (4096K)
 Metaspace       used 67661K, committed 68288K, reserved 1114112K
  class space    used 9547K, committed 9856K, reserved 1048576K
GC Heap History (20 events):
Event: 4834.932 GC heap before
{Heap before GC invocations=80 (full 21):
 garbage-first heap   total reserved 2021376K, committed 75776K, used 63725K [0x0000000084a00000, 0x0000000100000000)
  region size 1024K, 39 young (39936K), 0 survivors (0K)
 Metaspace       used 67253K, committed 68096K, reserved 1114112K
  class space    used 9510K, committed 9856K, reserved 1048576K
}
Event: 4834.935 GC heap after
{Heap after GC invocations=81 (full 21):
 garbage-first heap   total reserved 2021376K, committed 75776K, used 28251K [0x0000000084a00000, 0x0000000100000000)
  region size 1024K, 4 young (4096K), 4 survivors (4096K)
 Metaspace       used 67253K, committed 68096K, reserved 1114112K
  class space    used 9510K, committed 9856K, reserved 1048576K
}
Event: 4901.980 GC heap before
{Heap before GC invocations=81 (full 21):
 garbage-first heap   total reserved 2021376K, committed 75776K, used 65115K [0x0000000084a00000, 0x0000000100000000)
  region size 1024K, 40 young (40960K), 4 survivors (4096K)
 Metaspace       used 67531K, committed 68224K, reserved 1114112K
  class space    used 9527K, committed 9856K, reserved 1048576K
}
Event: 4901.988 GC heap after
{Heap after GC invocations=82 (full 21):
 garbage-first heap   total reserved 2021376K, committed 75776K, used 29614K [0x0000000084a00000, 0x0000000100000000)
  region size 1024K, 3 young (3072K), 3 survivors (3072K)
 Metaspace       used 67531K, committed 68224K, reserved 1114112K
  class space    used 9527K, committed 9856K, reserved 1048576K
}
Event: 4902.006 GC heap before
{Heap before GC invocations=82 (full 21):
 garbage-first heap   total reserved 2021376K, committed 75776K, used 29614K [0x0000000084a00000, 0x0000000100000000)
  region size 1024K, 4 young (4096K), 3 survivors (3072K)
 Metaspace       used 67531K, committed 68224K, reserved 1114112K
  class space    used 9527K, committed 9856K, reserved 1048576K
}
Event: 4902.054 GC heap after
{Heap after GC invocations=83 (full 22):
 garbage-first heap   total reserved 2021376K, committed 75776K, used 22286K [0x0000000084a00000, 0x0000000100000000)
  region size 1024K, 0 young (0K), 0 survivors (0K)
 Metaspace       used 67094K, committed 68224K, reserved 1114112K
  class space    used 9468K, committed 9856K, reserved 1048576K
}
Event: 4902.990 GC heap before
{Heap before GC invocations=83 (full 22):
 garbage-first heap   total reserved 2021376K, committed 75776K, used 64270K [0x0000000084a00000, 0x0000000100000000)
  region size 1024K, 41 young (41984K), 0 survivors (0K)
 Metaspace       used 67305K, committed 68224K, reserved 1114112K
  class space    used 9511K, committed 9856K, reserved 1048576K
}
Event: 4902.994 GC heap after
{Heap after GC invocations=84 (full 22):
 garbage-first heap   total reserved 2021376K, committed 75776K, used 26870K [0x0000000084a00000, 0x0000000100000000)
  region size 1024K, 5 young (5120K), 5 survivors (5120K)
 Metaspace       used 67305K, committed 68224K, reserved 1114112K
  class space    used 9511K, committed 9856K, reserved 1048576K
}
Event: 4903.209 GC heap before
{Heap before GC invocations=84 (full 22):
 garbage-first heap   total reserved 2021376K, committed 75776K, used 63734K [0x0000000084a00000, 0x0000000100000000)
  region size 1024K, 41 young (41984K), 5 survivors (5120K)
 Metaspace       used 67556K, committed 68224K, reserved 1114112K
  class space    used 9538K, committed 9856K, reserved 1048576K
}
Event: 4903.215 GC heap after
{Heap after GC invocations=85 (full 22):
 garbage-first heap   total reserved 2021376K, committed 75776K, used 30106K [0x0000000084a00000, 0x0000000100000000)
  region size 1024K, 4 young (4096K), 4 survivors (4096K)
 Metaspace       used 67556K, committed 68224K, reserved 1114112K
  class space    used 9538K, committed 9856K, reserved 1048576K
}
Event: 4922.758 GC heap before
{Heap before GC invocations=85 (full 22):
 garbage-first heap   total reserved 2021376K, committed 75776K, used 33178K [0x0000000084a00000, 0x0000000100000000)
  region size 1024K, 8 young (8192K), 4 survivors (4096K)
 Metaspace       used 67558K, committed 68224K, reserved 1114112K
  class space    used 9538K, committed 9856K, reserved 1048576K
}
Event: 4922.804 GC heap after
{Heap after GC invocations=86 (full 23):
 garbage-first heap   total reserved 2021376K, committed 75776K, used 24872K [0x0000000084a00000, 0x0000000100000000)
  region size 1024K, 0 young (0K), 0 survivors (0K)
 Metaspace       used 67194K, committed 68224K, reserved 1114112K
  class space    used 9501K, committed 9856K, reserved 1048576K
}
Event: 4923.423 GC heap before
{Heap before GC invocations=86 (full 23):
 garbage-first heap   total reserved 2021376K, committed 75776K, used 63784K [0x0000000084a00000, 0x0000000100000000)
  region size 1024K, 38 young (38912K), 0 survivors (0K)
 Metaspace       used 67297K, committed 68224K, reserved 1114112K
  class space    used 9513K, committed 9856K, reserved 1048576K
}
Event: 4923.426 GC heap after
{Heap after GC invocations=87 (full 23):
 garbage-first heap   total reserved 2021376K, committed 75776K, used 27944K [0x0000000084a00000, 0x0000000100000000)
  region size 1024K, 3 young (3072K), 3 survivors (3072K)
 Metaspace       used 67297K, committed 68224K, reserved 1114112K
  class space    used 9513K, committed 9856K, reserved 1048576K
}
Event: 4950.752 GC heap before
{Heap before GC invocations=87 (full 23):
 garbage-first heap   total reserved 2021376K, committed 75776K, used 63784K [0x0000000084a00000, 0x0000000100000000)
  region size 1024K, 39 young (39936K), 3 survivors (3072K)
 Metaspace       used 67515K, committed 68224K, reserved 1114112K
  class space    used 9531K, committed 9856K, reserved 1048576K
}
Event: 4950.770 GC heap after
{Heap after GC invocations=88 (full 23):
 garbage-first heap   total reserved 2021376K, committed 75776K, used 30516K [0x0000000084a00000, 0x0000000100000000)
  region size 1024K, 3 young (3072K), 3 survivors (3072K)
 Metaspace       used 67515K, committed 68224K, reserved 1114112K
  class space    used 9531K, committed 9856K, reserved 1048576K
}
Event: 5575.832 GC heap before
{Heap before GC invocations=88 (full 23):
 garbage-first heap   total reserved 2021376K, committed 75776K, used 58164K [0x0000000084a00000, 0x0000000100000000)
  region size 1024K, 32 young (32768K), 3 survivors (3072K)
 Metaspace       used 67583K, committed 68224K, reserved 1114112K
  class space    used 9548K, committed 9856K, reserved 1048576K
}
Event: 5575.926 GC heap after
{Heap after GC invocations=89 (full 24):
 garbage-first heap   total reserved 2021376K, committed 75776K, used 25814K [0x0000000084a00000, 0x0000000100000000)
  region size 1024K, 0 young (0K), 0 survivors (0K)
 Metaspace       used 67508K, committed 68224K, reserved 1114112K
  class space    used 9527K, committed 9856K, reserved 1048576K
}
Event: 5576.482 GC heap before
{Heap before GC invocations=89 (full 24):
 garbage-first heap   total reserved 2021376K, committed 75776K, used 64726K [0x0000000084a00000, 0x0000000100000000)
  region size 1024K, 38 young (38912K), 0 survivors (0K)
 Metaspace       used 67611K, committed 68288K, reserved 1114112K
  class space    used 9542K, committed 9856K, reserved 1048576K
}
Event: 5576.486 GC heap after
{Heap after GC invocations=90 (full 24):
 garbage-first heap   total reserved 2021376K, committed 75776K, used 29025K [0x0000000084a00000, 0x0000000100000000)
  region size 1024K, 4 young (4096K), 4 survivors (4096K)
 Metaspace       used 67611K, committed 68288K, reserved 1114112K
  class space    used 9542K, committed 9856K, reserved 1048576K
}

