# JRE version: OpenJDK Runtime Environment Temurin-23.0.1+11 (23.0.1+11) (build 23.0.1+11)
# Java VM: OpenJDK 64-Bit Server VM Temurin-23.0.1+11 (23.0.1+11, mixed mode, emulated-client, sharing, tiered, compressed oops, compressed class ptrs, g1 gc, windows-amd64)
GC Precious Log:
 CardTable entry size: 512
 Card Set container configuration: InlinePtr #cards 5 size 8 Array Of Cards #cards 10 size 36 Howl #buckets 4 coarsen threshold 1843 Howl Bitmap #cards 512 size 80 coarsen threshold 460 Card regions per heap region 1 cards per card region 2048
 CPUs: 4 total, 4 available
 Memory: 7894M
 Large Page Support: Disabled
 NUMA Support: Disabled
 Compressed Oops: Enabled (32-bit)
 Heap Region Size: 1M
 Heap Min Capacity: 8M
 Heap Initial Capacity: 124M
 Heap Max Capacity: 1974M
 Pre-touch: Disabled
 Parallel Workers: 4
 Concurrent Workers: 1
 Concurrent Refinement Workers: 4
 Periodic GC: Disabled
Heap:
 garbage-first heap   total reserved 2021376K, committed 78848K, used 35491K [0x0000000084a00000, 0x0000000100000000)
  region size 1024K, 15 young (15360K), 5 survivors (5120K)
 Metaspace       used 68048K, committed 68544K, reserved 1114112K
  class space    used 9601K, committed 9792K, reserved 1048576K
GC Heap History (20 events):
Event: 430.477 GC heap before
{Heap before GC invocations=25 (full 0):
 garbage-first heap   total reserved 2021376K, committed 88064K, used 37488K [0x0000000084a00000, 0x0000000100000000)
  region size 1024K, 9 young (9216K), 3 survivors (3072K)
 Metaspace       used 66557K, committed 67072K, reserved 1114112K
  class space    used 9457K, committed 9664K, reserved 1048576K
}
Event: 430.525 GC heap after
{Heap after GC invocations=26 (full 1):
 garbage-first heap   total reserved 2021376K, committed 78848K, used 22358K [0x0000000084a00000, 0x0000000100000000)
  region size 1024K, 0 young (0K), 0 survivors (0K)
 Metaspace       used 66341K, committed 67072K, reserved 1114112K
  class space    used 9395K, committed 9664K, reserved 1048576K
}
Event: 432.402 GC heap before
{Heap before GC invocations=26 (full 1):
 garbage-first heap   total reserved 2021376K, committed 78848K, used 68438K [0x0000000084a00000, 0x0000000100000000)
  region size 1024K, 46 young (47104K), 0 survivors (0K)
 Metaspace       used 66667K, committed 67136K, reserved 1114112K
  class space    used 9452K, committed 9664K, reserved 1048576K
}
Event: 432.406 GC heap after
{Heap after GC invocations=27 (full 1):
 garbage-first heap   total reserved 2021376K, committed 78848K, used 27299K [0x0000000084a00000, 0x0000000100000000)
  region size 1024K, 5 young (5120K), 5 survivors (5120K)
 Metaspace       used 66667K, committed 67136K, reserved 1114112K
  class space    used 9452K, committed 9664K, reserved 1048576K
}
Event: 432.789 GC heap before
{Heap before GC invocations=27 (full 1):
 garbage-first heap   total reserved 2021376K, committed 78848K, used 67235K [0x0000000084a00000, 0x0000000100000000)
  region size 1024K, 44 young (45056K), 5 survivors (5120K)
 Metaspace       used 66967K, committed 67392K, reserved 1114112K
  class space    used 9475K, committed 9664K, reserved 1048576K
}
Event: 432.794 GC heap after
{Heap after GC invocations=28 (full 1):
 garbage-first heap   total reserved 2021376K, committed 78848K, used 29387K [0x0000000084a00000, 0x0000000100000000)
  region size 1024K, 3 young (3072K), 3 survivors (3072K)
 Metaspace       used 66967K, committed 67392K, reserved 1114112K
  class space    used 9475K, committed 9664K, reserved 1048576K
}
Event: 648.192 GC heap before
{Heap before GC invocations=28 (full 1):
 garbage-first heap   total reserved 2021376K, committed 78848K, used 68299K [0x0000000084a00000, 0x0000000100000000)
  region size 1024K, 41 young (41984K), 3 survivors (3072K)
 Metaspace       used 67303K, committed 67840K, reserved 1114112K
  class space    used 9538K, committed 9792K, reserved 1048576K
}
Event: 648.199 GC heap after
{Heap after GC invocations=29 (full 1):
 garbage-first heap   total reserved 2021376K, committed 78848K, used 32398K [0x0000000084a00000, 0x0000000100000000)
  region size 1024K, 6 young (6144K), 6 survivors (6144K)
 Metaspace       used 67303K, committed 67840K, reserved 1114112K
  class space    used 9538K, committed 9792K, reserved 1048576K
}
Event: 665.388 GC heap before
{Heap before GC invocations=29 (full 1):
 garbage-first heap   total reserved 2021376K, committed 78848K, used 34446K [0x0000000084a00000, 0x0000000100000000)
  region size 1024K, 9 young (9216K), 6 survivors (6144K)
 Metaspace       used 67327K, committed 67840K, reserved 1114112K
  class space    used 9540K, committed 9792K, reserved 1048576K
}
Event: 665.424 GC heap after
{Heap after GC invocations=30 (full 2):
 garbage-first heap   total reserved 2021376K, committed 78848K, used 22694K [0x0000000084a00000, 0x0000000100000000)
  region size 1024K, 0 young (0K), 0 survivors (0K)
 Metaspace       used 67134K, committed 67840K, reserved 1114112K
  class space    used 9486K, committed 9792K, reserved 1048576K
}
Event: 666.599 GC heap before
{Heap before GC invocations=30 (full 2):
 garbage-first heap   total reserved 2021376K, committed 78848K, used 67750K [0x0000000084a00000, 0x0000000100000000)
  region size 1024K, 45 young (46080K), 0 survivors (0K)
 Metaspace       used 67436K, committed 67968K, reserved 1114112K
  class space    used 9542K, committed 9792K, reserved 1048576K
}
Event: 666.603 GC heap after
{Heap after GC invocations=31 (full 2):
 garbage-first heap   total reserved 2021376K, committed 78848K, used 27442K [0x0000000084a00000, 0x0000000100000000)
  region size 1024K, 5 young (5120K), 5 survivors (5120K)
 Metaspace       used 67436K, committed 67968K, reserved 1114112K
  class space    used 9542K, committed 9792K, reserved 1048576K
}
Event: 666.874 GC heap before
{Heap before GC invocations=31 (full 2):
 garbage-first heap   total reserved 2021376K, committed 78848K, used 66354K [0x0000000084a00000, 0x0000000100000000)
  region size 1024K, 43 young (44032K), 5 survivors (5120K)
 Metaspace       used 67699K, committed 68224K, reserved 1114112K
  class space    used 9564K, committed 9792K, reserved 1048576K
}
Event: 666.879 GC heap after
{Heap after GC invocations=32 (full 2):
 garbage-first heap   total reserved 2021376K, committed 78848K, used 29517K [0x0000000084a00000, 0x0000000100000000)
  region size 1024K, 3 young (3072K), 3 survivors (3072K)
 Metaspace       used 67699K, committed 68224K, reserved 1114112K
  class space    used 9564K, committed 9792K, reserved 1048576K
}
Event: 908.059 GC heap before
{Heap before GC invocations=32 (full 2):
 garbage-first heap   total reserved 2021376K, committed 78848K, used 67405K [0x0000000084a00000, 0x0000000100000000)
  region size 1024K, 40 young (40960K), 3 survivors (3072K)
 Metaspace       used 67827K, committed 68352K, reserved 1114112K
  class space    used 9582K, committed 9792K, reserved 1048576K
}
Event: 908.073 GC heap after
{Heap after GC invocations=33 (full 2):
 garbage-first heap   total reserved 2021376K, committed 78848K, used 31931K [0x0000000084a00000, 0x0000000100000000)
  region size 1024K, 5 young (5120K), 5 survivors (5120K)
 Metaspace       used 67827K, committed 68352K, reserved 1114112K
  class space    used 9582K, committed 9792K, reserved 1048576K
}
Event: 959.871 GC heap before
{Heap before GC invocations=33 (full 2):
 garbage-first heap   total reserved 2021376K, committed 78848K, used 36027K [0x0000000084a00000, 0x0000000100000000)
  region size 1024K, 10 young (10240K), 5 survivors (5120K)
 Metaspace       used 67830K, committed 68352K, reserved 1114112K
  class space    used 9582K, committed 9792K, reserved 1048576K
}
Event: 959.908 GC heap after
{Heap after GC invocations=34 (full 3):
 garbage-first heap   total reserved 2021376K, committed 78848K, used 22179K [0x0000000084a00000, 0x0000000100000000)
  region size 1024K, 0 young (0K), 0 survivors (0K)
 Metaspace       used 67663K, committed 68352K, reserved 1114112K
  class space    used 9537K, committed 9792K, reserved 1048576K
}
Event: 960.874 GC heap before
{Heap before GC invocations=34 (full 3):
 garbage-first heap   total reserved 2021376K, committed 78848K, used 68259K [0x0000000084a00000, 0x0000000100000000)
  region size 1024K, 45 young (46080K), 0 survivors (0K)
 Metaspace       used 67962K, committed 68480K, reserved 1114112K
  class space    used 9592K, committed 9792K, reserved 1048576K
}
Event: 960.880 GC heap after
{Heap after GC invocations=35 (full 3):
 garbage-first heap   total reserved 2021376K, committed 78848K, used 27299K [0x0000000084a00000, 0x0000000100000000)
  region size 1024K, 5 young (5120K), 5 survivors (5120K)
 Metaspace       used 67962K, committed 68480K, reserved 1114112K
  class space    used 9592K, committed 9792K, reserved 1048576K
}

